gcc-16 -I/opt/homebrew/include -I/opt/homebrew/opt/gsl/include -I/opt/homebrew/opt/qhull/include/libqhull -I/Users/manna/local/sundials-serial/include -I/opt/homebrew/opt/cfitsio/include -I. -I./src -O3 -falign-loops=16 -fno-strict-aliasing -I/include -I/include/libqhull -I/src -I/Users/manna/include -I/opt/local/include -I/opt/local/include/qhull -I/sw//include  -o src/aux.o -c src/aux.c
gcc-16 -I/opt/homebrew/include -I/opt/homebrew/opt/gsl/include -I/opt/homebrew/opt/qhull/include/libqhull -I/Users/manna/local/sundials-serial/include -I/opt/homebrew/opt/cfitsio/include -I. -I./src -O3 -falign-loops=16 -fno-strict-aliasing -I/include -I/include/libqhull -I/src -I/Users/manna/include -I/opt/local/include -I/opt/local/include/qhull -I/sw//include  -o src/collparts.o -c src/collparts.c
gcc-16 -I/opt/homebrew/include -I/opt/homebrew/opt/gsl/include -I/opt/homebrew/opt/qhull/include/libqhull -I/Users/manna/local/sundials-serial/include -I/opt/homebrew/opt/cfitsio/include -I. -I./src -O3 -falign-loops=16 -fno-strict-aliasing -I/include -I/include/libqhull -I/src -I/Users/manna/include -I/opt/local/include -I/opt/local/include/qhull -I/sw//include  -o src/defaults.o -c src/defaults.c
gcc-16 -I/opt/homebrew/include -I/opt/homebrew/opt/gsl/include -I/opt/homebrew/opt/qhull/include/libqhull -I/Users/manna/local/sundials-serial/include -I/opt/homebrew/opt/cfitsio/include -I. -I./src -O3 -falign-loops=16 -fno-strict-aliasing -I/include -I/include/libqhull -I/src -I/Users/manna/include -I/opt/local/include -I/opt/local/include/qhull -I/sw//include  -o src/fastexp.o -c src/fastexp.c
gcc-16 -I/opt/homebrew/include -I/opt/homebrew/opt/gsl/include -I/opt/homebrew/opt/qhull/include/libqhull -I/Users/manna/local/sundials-serial/include -I/opt/homebrew/opt/cfitsio/include -I. -I./src -O3 -falign-loops=16 -fno-strict-aliasing -I/include -I/include/libqhull -I/src -I/Users/manna/include -I/opt/local/include -I/opt/local/include/qhull -I/sw//include  -o src/frees.o -c src/frees.c
gcc-16 -I/opt/homebrew/include -I/opt/homebrew/opt/gsl/include -I/opt/homebrew/opt/qhull/include/libqhull -I/Users/manna/local/sundials-serial/include -I/opt/homebrew/opt/cfitsio/include -I. -I./src -O3 -falign-loops=16 -fno-strict-aliasing -I/include -I/include/libqhull -I/src -I/Users/manna/include -I/opt/local/include -I/opt/local/include/qhull -I/sw//include  -o src/grid2fits.o -c src/grid2fits.c
gcc-16 -I/opt/homebrew/include -I/opt/homebrew/opt/gsl/include -I/opt/homebrew/opt/qhull/include/libqhull -I/Users/manna/local/sundials-serial/include -I/opt/homebrew/opt/cfitsio/include -I. -I./src -O3 -falign-loops=16 -fno-strict-aliasing -I/include -I/include/libqhull -I/src -I/Users/manna/include -I/opt/local/include -I/opt/local/include/qhull -I/sw//include  -o src/grid.o -c src/grid.c
gcc-16 -I/opt/homebrew/include -I/opt/homebrew/opt/gsl/include -I/opt/homebrew/opt/qhull/include/libqhull -I/Users/manna/local/sundials-serial/include -I/opt/homebrew/opt/cfitsio/include -I. -I./src -O3 -falign-loops=16 -fno-strict-aliasing -I/include -I/include/libqhull -I/src -I/Users/manna/include -I/opt/local/include -I/opt/local/include/qhull -I/sw//include  -o src/gridio.o -c src/gridio.c
In file included from /Library/Developer/CommandLineTools/SDKs/MacOSX15.sdk/usr/include/stdio.h:61,
                 from src/lime.h:18,
                 from src/gridio.c:11:
/opt/homebrew/Cellar/gcc/16.1.0/lib/gcc/current/gcc/aarch64-apple-darwin24/16/include-fixed/_stdio.h:78:10: fatal error: _bounds.h: No such file or directory
   78 | #include <_bounds.h>
      |          ^~~~~~~~~~~
compilation terminated.
In file included from /Library/Developer/CommandLineTools/SDKs/MacOSX15.sdk/usr/include/stdio.h:61,
                 from src/lime.h:18,
                 from src/collparts.c:61:
/opt/homebrew/Cellar/gcc/16.1.0/lib/gcc/current/gcc/aarch64-apple-darwin24/16/include-fixed/_stdio.h:78:10: fatal error: _bounds.h: No such file or directory
   78 | #include <_bounds.h>
      |          ^~~~~~~~~~~
In file included from /Library/Developer/CommandLineTools/SDKs/MacOSX15.sdk/usr/include/stdio.h:61,
                 from src/lime.h:18,
                 from src/aux.c:11:
/opt/homebrew/Cellar/gcc/16.1.0/lib/gcc/current/gcc/aarch64-apple-darwin24/16/include-fixed/_stdio.h:78:10: fatal error: _bounds.h: No such file or directory
   78 | #include <_bounds.h>
      |          ^~~~~~~~~~~
In file included from /Library/Developer/CommandLineTools/SDKs/MacOSX15.sdk/usr/include/stdio.h:61,
                 from src/lime.h:18,
                 from src/grid.c:12:
/opt/homebrew/Cellar/gcc/16.1.0/lib/gcc/current/gcc/aarch64-apple-darwin24/16/include-fixed/_stdio.h:78:10: fatal error: _bounds.h: No such file or directory
   78 | #include <_bounds.h>
      |          ^~~~~~~~~~~
In file included from /Library/Developer/CommandLineTools/SDKs/MacOSX15.sdk/usr/include/stdio.h:61,
                 from src/lime.h:18,
                 from src/frees.c:10:
/opt/homebrew/Cellar/gcc/16.1.0/lib/gcc/current/gcc/aarch64-apple-darwin24/16/include-fixed/_stdio.h:78:10: fatal error: _bounds.h: No such file or directory
   78 | #include <_bounds.h>
      |          ^~~~~~~~~~~
compilation terminated.
In file included from /Library/Developer/CommandLineTools/SDKs/MacOSX15.sdk/usr/include/stdio.h:61,
                 from src/lime.h:18,
                 from src/fastexp.c:10:
/opt/homebrew/Cellar/gcc/16.1.0/lib/gcc/current/gcc/aarch64-apple-darwin24/16/include-fixed/_stdio.h:78:10: fatal error: _bounds.h: No such file or directory
   78 | #include <_bounds.h>
      |          ^~~~~~~~~~~
compilation terminated.
In file included from /Library/Developer/CommandLineTools/SDKs/MacOSX15.sdk/usr/include/stdio.h:61,
                 from src/lime.h:18,
                 from src/grid2fits.c:15:
/opt/homebrew/Cellar/gcc/16.1.0/lib/gcc/current/gcc/aarch64-apple-darwin24/16/include-fixed/_stdio.h:78:10: fatal error: _bounds.h: No such file or directory
   78 | #include <_bounds.h>
      |          ^~~~~~~~~~~
compilation terminated.
compilation terminated.
compilation terminated.
compilation terminated.
make: *** [src/grid2fits.o] Error 1
make: *** Waiting for unfinished jobs....
make: *** [src/grid.o] Error 1
make: *** [src/fastexp.o] Error 1
make: *** [src/collparts.o] Error 1
make: *** [src/aux.o] Error 1
make: *** [src/gridio.o] Error 1
make: *** [src/frees.o] Error 1
2
